2022-03-04 11:25:33.312  INFO 8312 --- [main] com.tweetApp.TweetApplication            : Starting TweetApplication v0.0.1-SNAPSHOT using Java 11.0.12 on JrJavaFseCogn-1 with PID 8312 (C:\Users\User\Documents\TweetAppFSE-Eclipse\target\demo-0.0.1-SNAPSHOT-aws.jar started by User in C:\Users\User\Documents\TweetAppFSE-Eclipse)
2022-03-04 11:25:33.328  INFO 8312 --- [main] com.tweetApp.TweetApplication            : No active profile set, falling back to default profiles: default
2022-03-04 11:25:36.303  INFO 8312 --- [main] o.apache.catalina.core.StandardService   : Starting service [Tomcat]
2022-03-04 11:25:36.306  INFO 8312 --- [main] org.apache.catalina.core.StandardEngine  : Starting Servlet engine: [Apache Tomcat/9.0.46]
2022-03-04 11:25:36.341  INFO 8312 --- [main] org.apache.catalina.loader.WebappLoader  : Unknown class loader [jdk.internal.loader.ClassLoaders$PlatformClassLoader@450d10cb] of class [class jdk.internal.loader.ClassLoaders$PlatformClassLoader]
2022-03-04 11:25:36.413  INFO 8312 --- [main] o.a.c.c.C.[Tomcat].[localhost].[/]       : Initializing Spring embedded WebApplicationContext
2022-03-04 11:25:36.884  INFO 8312 --- [main] org.mongodb.driver.cluster               : Cluster created with settings {hosts=[democluster-shard-00-00.mdzr6.mongodb.net:27017, democluster-shard-00-01.mdzr6.mongodb.net:27017, democluster-shard-00-02.mdzr6.mongodb.net:27017], mode=MULTIPLE, requiredClusterType=REPLICA_SET, serverSelectionTimeout='30000 ms', requiredReplicaSetName='atlas-y8z0k7-shard-0'}
2022-03-04 11:25:36.890  INFO 8312 --- [main] org.mongodb.driver.cluster               : Adding discovered server democluster-shard-00-00.mdzr6.mongodb.net:27017 to client view of cluster
2022-03-04 11:25:36.934  INFO 8312 --- [main] org.mongodb.driver.cluster               : Adding discovered server democluster-shard-00-01.mdzr6.mongodb.net:27017 to client view of cluster
2022-03-04 11:25:36.937  INFO 8312 --- [main] org.mongodb.driver.cluster               : Adding discovered server democluster-shard-00-02.mdzr6.mongodb.net:27017 to client view of cluster
2022-03-04 11:25:38.530  INFO 8312 --- [cluster-ClusterId{value='6221a9d8523d2925a11b815f', description='null'}-democluster-shard-00-02.mdzr6.mongodb.net:27017] org.mongodb.driver.connection            : Opened connection [connectionId{localValue:6, serverValue:34061}] to democluster-shard-00-02.mdzr6.mongodb.net:27017
2022-03-04 11:25:38.483  INFO 8312 --- [cluster-rtt-ClusterId{value='6221a9d8523d2925a11b815f', description='null'}-democluster-shard-00-01.mdzr6.mongodb.net:27017] org.mongodb.driver.connection            : Opened connection [connectionId{localValue:2, serverValue:33273}] to democluster-shard-00-01.mdzr6.mongodb.net:27017
2022-03-04 11:25:38.533  INFO 8312 --- [cluster-ClusterId{value='6221a9d8523d2925a11b815f', description='null'}-democluster-shard-00-00.mdzr6.mongodb.net:27017] org.mongodb.driver.connection            : Opened connection [connectionId{localValue:1, serverValue:34606}] to democluster-shard-00-00.mdzr6.mongodb.net:27017
2022-03-04 11:25:38.534  INFO 8312 --- [cluster-rtt-ClusterId{value='6221a9d8523d2925a11b815f', description='null'}-democluster-shard-00-00.mdzr6.mongodb.net:27017] org.mongodb.driver.connection            : Opened connection [connectionId{localValue:4, serverValue:34606}] to democluster-shard-00-00.mdzr6.mongodb.net:27017
2022-03-04 11:25:38.542  INFO 8312 --- [cluster-ClusterId{value='6221a9d8523d2925a11b815f', description='null'}-democluster-shard-00-01.mdzr6.mongodb.net:27017] org.mongodb.driver.connection            : Opened connection [connectionId{localValue:3, serverValue:33274}] to democluster-shard-00-01.mdzr6.mongodb.net:27017
2022-03-04 11:25:38.720  INFO 8312 --- [cluster-ClusterId{value='6221a9d8523d2925a11b815f', description='null'}-democluster-shard-00-01.mdzr6.mongodb.net:27017] org.mongodb.driver.cluster               : Monitor thread successfully connected to server with description ServerDescription{address=democluster-shard-00-01.mdzr6.mongodb.net:27017, type=REPLICA_SET_SECONDARY, state=CONNECTED, ok=true, minWireVersion=0, maxWireVersion=13, maxDocumentSize=16777216, logicalSessionTimeoutMinutes=30, roundTripTimeNanos=859118100, setName='atlas-y8z0k7-shard-0', canonicalAddress=democluster-shard-00-01.mdzr6.mongodb.net:27017, hosts=[democluster-shard-00-00.mdzr6.mongodb.net:27017, democluster-shard-00-01.mdzr6.mongodb.net:27017, democluster-shard-00-02.mdzr6.mongodb.net:27017], passives=[], arbiters=[], primary='democluster-shard-00-02.mdzr6.mongodb.net:27017', tagSet=TagSet{[Tag{name='nodeType', value='ELECTABLE'}, Tag{name='provider', value='AWS'}, Tag{name='region', value='AP_SOUTH_1'}, Tag{name='workloadType', value='OPERATIONAL'}]}, electionId=null, setVersion=7, topologyVersion=TopologyVersion{processId=62216a608fb981104acaf282, counter=3}, lastWriteDate=Fri Mar 04 11:25:38 IST 2022, lastUpdateTimeNanos=11781565269600}
2022-03-04 11:25:38.548  INFO 8312 --- [cluster-rtt-ClusterId{value='6221a9d8523d2925a11b815f', description='null'}-democluster-shard-00-02.mdzr6.mongodb.net:27017] org.mongodb.driver.connection            : Opened connection [connectionId{localValue:5, serverValue:34063}] to democluster-shard-00-02.mdzr6.mongodb.net:27017
2022-03-04 11:25:38.593  INFO 8312 --- [cluster-ClusterId{value='6221a9d8523d2925a11b815f', description='null'}-democluster-shard-00-02.mdzr6.mongodb.net:27017] org.mongodb.driver.cluster               : Monitor thread successfully connected to server with description ServerDescription{address=democluster-shard-00-02.mdzr6.mongodb.net:27017, type=REPLICA_SET_PRIMARY, state=CONNECTED, ok=true, minWireVersion=0, maxWireVersion=13, maxDocumentSize=16777216, logicalSessionTimeoutMinutes=30, roundTripTimeNanos=860906300, setName='atlas-y8z0k7-shard-0', canonicalAddress=democluster-shard-00-02.mdzr6.mongodb.net:27017, hosts=[democluster-shard-00-00.mdzr6.mongodb.net:27017, democluster-shard-00-01.mdzr6.mongodb.net:27017, democluster-shard-00-02.mdzr6.mongodb.net:27017], passives=[], arbiters=[], primary='democluster-shard-00-02.mdzr6.mongodb.net:27017', tagSet=TagSet{[Tag{name='nodeType', value='ELECTABLE'}, Tag{name='provider', value='AWS'}, Tag{name='region', value='AP_SOUTH_1'}, Tag{name='workloadType', value='OPERATIONAL'}]}, electionId=7fffffff00000000000000b3, setVersion=7, topologyVersion=TopologyVersion{processId=62216955e9f6d0228c10a8b7, counter=6}, lastWriteDate=Fri Mar 04 11:25:38 IST 2022, lastUpdateTimeNanos=11781554219300}
2022-03-04 11:25:39.022  INFO 8312 --- [cluster-ClusterId{value='6221a9d8523d2925a11b815f', description='null'}-democluster-shard-00-02.mdzr6.mongodb.net:27017] org.mongodb.driver.cluster               : Setting max election id to 7fffffff00000000000000b3 from replica set primary democluster-shard-00-02.mdzr6.mongodb.net:27017
2022-03-04 11:25:39.028  INFO 8312 --- [cluster-ClusterId{value='6221a9d8523d2925a11b815f', description='null'}-democluster-shard-00-02.mdzr6.mongodb.net:27017] org.mongodb.driver.cluster               : Setting max set version to 7 from replica set primary democluster-shard-00-02.mdzr6.mongodb.net:27017
2022-03-04 11:25:39.028  INFO 8312 --- [cluster-ClusterId{value='6221a9d8523d2925a11b815f', description='null'}-democluster-shard-00-02.mdzr6.mongodb.net:27017] org.mongodb.driver.cluster               : Discovered replica set primary democluster-shard-00-02.mdzr6.mongodb.net:27017
2022-03-04 11:25:38.678  INFO 8312 --- [cluster-ClusterId{value='6221a9d8523d2925a11b815f', description='null'}-democluster-shard-00-00.mdzr6.mongodb.net:27017] org.mongodb.driver.cluster               : Monitor thread successfully connected to server with description ServerDescription{address=democluster-shard-00-00.mdzr6.mongodb.net:27017, type=REPLICA_SET_SECONDARY, state=CONNECTED, ok=true, minWireVersion=0, maxWireVersion=13, maxDocumentSize=16777216, logicalSessionTimeoutMinutes=30, roundTripTimeNanos=879799700, setName='atlas-y8z0k7-shard-0', canonicalAddress=democluster-shard-00-00.mdzr6.mongodb.net:27017, hosts=[democluster-shard-00-00.mdzr6.mongodb.net:27017, democluster-shard-00-01.mdzr6.mongodb.net:27017, democluster-shard-00-02.mdzr6.mongodb.net:27017], passives=[], arbiters=[], primary='democluster-shard-00-02.mdzr6.mongodb.net:27017', tagSet=TagSet{[Tag{name='nodeType', value='ELECTABLE'}, Tag{name='provider', value='AWS'}, Tag{name='region', value='AP_SOUTH_1'}, Tag{name='workloadType', value='OPERATIONAL'}]}, electionId=null, setVersion=7, topologyVersion=TopologyVersion{processId=6221680bc37d73d8ed04c01f, counter=4}, lastWriteDate=Fri Mar 04 11:25:38 IST 2022, lastUpdateTimeNanos=11781556707300}
2022-03-04 11:25:41.507  INFO 8312 --- [main] o.a.k.clients.admin.AdminClientConfig    : AdminClientConfig values: 
	bootstrap.servers = [localhost:9092]
	client.dns.lookup = use_all_dns_ips
	client.id = 
	connections.max.idle.ms = 300000
	default.api.timeout.ms = 60000
	metadata.max.age.ms = 300000
	metric.reporters = []
	metrics.num.samples = 2
	metrics.recording.level = INFO
	metrics.sample.window.ms = 30000
	receive.buffer.bytes = 65536
	reconnect.backoff.max.ms = 1000
	reconnect.backoff.ms = 50
	request.timeout.ms = 30000
	retries = 2147483647
	retry.backoff.ms = 100
	sasl.client.callback.handler.class = null
	sasl.jaas.config = null
	sasl.kerberos.kinit.cmd = /usr/bin/kinit
	sasl.kerberos.min.time.before.relogin = 60000
	sasl.kerberos.service.name = null
	sasl.kerberos.ticket.renew.jitter = 0.05
	sasl.kerberos.ticket.renew.window.factor = 0.8
	sasl.login.callback.handler.class = null
	sasl.login.class = null
	sasl.login.refresh.buffer.seconds = 300
	sasl.login.refresh.min.period.seconds = 60
	sasl.login.refresh.window.factor = 0.8
	sasl.login.refresh.window.jitter = 0.05
	sasl.mechanism = GSSAPI
	security.protocol = PLAINTEXT
	security.providers = null
	send.buffer.bytes = 131072
	socket.connection.setup.timeout.max.ms = 127000
	socket.connection.setup.timeout.ms = 10000
	ssl.cipher.suites = null
	ssl.enabled.protocols = [TLSv1.2, TLSv1.3]
	ssl.endpoint.identification.algorithm = https
	ssl.engine.factory.class = null
	ssl.key.password = null
	ssl.keymanager.algorithm = SunX509
	ssl.keystore.certificate.chain = null
	ssl.keystore.key = null
	ssl.keystore.location = null
	ssl.keystore.password = null
	ssl.keystore.type = JKS
	ssl.protocol = TLSv1.3
	ssl.provider = null
	ssl.secure.random.implementation = null
	ssl.trustmanager.algorithm = PKIX
	ssl.truststore.certificates = null
	ssl.truststore.location = null
	ssl.truststore.password = null
	ssl.truststore.type = JKS

2022-03-04 11:25:41.668  INFO 8312 --- [main] o.a.kafka.common.utils.AppInfoParser     : Kafka version: 2.7.1
2022-03-04 11:25:41.672  INFO 8312 --- [main] o.a.kafka.common.utils.AppInfoParser     : Kafka commitId: 61dbce85d0d41457
2022-03-04 11:25:41.673  INFO 8312 --- [main] o.a.kafka.common.utils.AppInfoParser     : Kafka startTimeMs: 1646373341666
2022-03-04 11:25:42.103  INFO 8312 --- [kafka-admin-client-thread | adminclient-1] o.a.kafka.common.utils.AppInfoParser     : App info kafka.admin.client for adminclient-1 unregistered
2022-03-04 11:25:42.114  INFO 8312 --- [kafka-admin-client-thread | adminclient-1] org.apache.kafka.common.metrics.Metrics  : Metrics scheduler closed
2022-03-04 11:25:42.115  INFO 8312 --- [kafka-admin-client-thread | adminclient-1] org.apache.kafka.common.metrics.Metrics  : Closing reporter org.apache.kafka.common.metrics.JmxReporter
2022-03-04 11:25:42.115  INFO 8312 --- [kafka-admin-client-thread | adminclient-1] org.apache.kafka.common.metrics.Metrics  : Metrics reporters closed
2022-03-04 11:25:42.184  INFO 8312 --- [main] o.a.k.clients.consumer.ConsumerConfig    : ConsumerConfig values: 
	allow.auto.create.topics = true
	auto.commit.interval.ms = 5000
	auto.offset.reset = earliest
	bootstrap.servers = [localhost:9092]
	check.crcs = true
	client.dns.lookup = use_all_dns_ips
	client.id = consumer-group_id-1
	client.rack = 
	connections.max.idle.ms = 540000
	default.api.timeout.ms = 60000
	enable.auto.commit = false
	exclude.internal.topics = true
	fetch.max.bytes = 52428800
	fetch.max.wait.ms = 500
	fetch.min.bytes = 1
	group.id = group_id
	group.instance.id = null
	heartbeat.interval.ms = 3000
	interceptor.classes = []
	internal.leave.group.on.close = true
	internal.throw.on.fetch.stable.offset.unsupported = false
	isolation.level = read_uncommitted
	key.deserializer = class org.apache.kafka.common.serialization.StringDeserializer
	max.partition.fetch.bytes = 1048576
	max.poll.interval.ms = 300000
	max.poll.records = 500
	metadata.max.age.ms = 300000
	metric.reporters = []
	metrics.num.samples = 2
	metrics.recording.level = INFO
	metrics.sample.window.ms = 30000
	partition.assignment.strategy = [class org.apache.kafka.clients.consumer.RangeAssignor]
	receive.buffer.bytes = 65536
	reconnect.backoff.max.ms = 1000
	reconnect.backoff.ms = 50
	request.timeout.ms = 30000
	retry.backoff.ms = 100
	sasl.client.callback.handler.class = null
	sasl.jaas.config = null
	sasl.kerberos.kinit.cmd = /usr/bin/kinit
	sasl.kerberos.min.time.before.relogin = 60000
	sasl.kerberos.service.name = null
	sasl.kerberos.ticket.renew.jitter = 0.05
	sasl.kerberos.ticket.renew.window.factor = 0.8
	sasl.login.callback.handler.class = null
	sasl.login.class = null
	sasl.login.refresh.buffer.seconds = 300
	sasl.login.refresh.min.period.seconds = 60
	sasl.login.refresh.window.factor = 0.8
	sasl.login.refresh.window.jitter = 0.05
	sasl.mechanism = GSSAPI
	security.protocol = PLAINTEXT
	security.providers = null
	send.buffer.bytes = 131072
	session.timeout.ms = 10000
	socket.connection.setup.timeout.max.ms = 127000
	socket.connection.setup.timeout.ms = 10000
	ssl.cipher.suites = null
	ssl.enabled.protocols = [TLSv1.2, TLSv1.3]
	ssl.endpoint.identification.algorithm = https
	ssl.engine.factory.class = null
	ssl.key.password = null
	ssl.keymanager.algorithm = SunX509
	ssl.keystore.certificate.chain = null
	ssl.keystore.key = null
	ssl.keystore.location = null
	ssl.keystore.password = null
	ssl.keystore.type = JKS
	ssl.protocol = TLSv1.3
	ssl.provider = null
	ssl.secure.random.implementation = null
	ssl.trustmanager.algorithm = PKIX
	ssl.truststore.certificates = null
	ssl.truststore.location = null
	ssl.truststore.password = null
	ssl.truststore.type = JKS
	value.deserializer = class org.apache.kafka.common.serialization.StringDeserializer

2022-03-04 11:25:42.286  INFO 8312 --- [main] o.a.kafka.common.utils.AppInfoParser     : Kafka version: 2.7.1
2022-03-04 11:25:42.303  INFO 8312 --- [main] o.a.kafka.common.utils.AppInfoParser     : Kafka commitId: 61dbce85d0d41457
2022-03-04 11:25:42.304  INFO 8312 --- [main] o.a.kafka.common.utils.AppInfoParser     : Kafka startTimeMs: 1646373342286
2022-03-04 11:25:42.371  INFO 8312 --- [main] o.a.k.clients.consumer.KafkaConsumer     : [Consumer clientId=consumer-group_id-1, groupId=group_id] Subscribed to topic(s): Tweets
2022-03-04 11:25:42.548  INFO 8312 --- [main] o.apache.catalina.core.StandardService   : Starting service [Tomcat]
2022-03-04 11:25:42.583  INFO 8312 --- [org.springframework.kafka.KafkaListenerEndpointContainer#0-0-C-1] org.apache.kafka.clients.Metadata        : [Consumer clientId=consumer-group_id-1, groupId=group_id] Cluster ID: hxKgpf2cSGiMDdSN5zkNDg
2022-03-04 11:25:42.585  INFO 8312 --- [main] org.apache.catalina.core.StandardEngine  : Starting Servlet engine: [Apache Tomcat/9.0.46]
2022-03-04 11:25:42.598  INFO 8312 --- [main] org.apache.catalina.loader.WebappLoader  : Unknown class loader [jdk.internal.loader.ClassLoaders$PlatformClassLoader@450d10cb] of class [class jdk.internal.loader.ClassLoaders$PlatformClassLoader]
2022-03-04 11:25:42.642  INFO 8312 --- [main] o.a.c.c.C.[Tomcat-1].[localhost].[/]     : Initializing Spring embedded WebApplicationContext
2022-03-04 11:25:44.785  INFO 8312 --- [main] com.tweetApp.TweetApplication            : Started TweetApplication in 12.323 seconds (JVM running for 16.452)
2022-03-04 11:26:28.460  INFO 8312 --- [org.springframework.kafka.KafkaListenerEndpointContainer#0-0-C-1] o.a.k.clients.consumer.KafkaConsumer     : [Consumer clientId=consumer-group_id-1, groupId=group_id] Unsubscribed all topics or patterns and assigned partitions
2022-03-04 11:26:28.475  INFO 8312 --- [org.springframework.kafka.KafkaListenerEndpointContainer#0-0-C-1] org.apache.kafka.common.metrics.Metrics  : Metrics scheduler closed
2022-03-04 11:26:28.476  INFO 8312 --- [org.springframework.kafka.KafkaListenerEndpointContainer#0-0-C-1] org.apache.kafka.common.metrics.Metrics  : Closing reporter org.apache.kafka.common.metrics.JmxReporter
2022-03-04 11:26:28.480  INFO 8312 --- [org.springframework.kafka.KafkaListenerEndpointContainer#0-0-C-1] org.apache.kafka.common.metrics.Metrics  : Metrics reporters closed
2022-03-04 11:26:28.498  INFO 8312 --- [org.springframework.kafka.KafkaListenerEndpointContainer#0-0-C-1] o.a.kafka.common.utils.AppInfoParser     : App info kafka.consumer for consumer-group_id-1 unregistered
2022-03-04 12:21:36.978  INFO 4068 --- [main] com.tweetApp.TweetApplication            : Starting TweetApplication using Java 11.0.12 on JrJavaFseCogn-1 with PID 4068 (C:\Users\User\Documents\TweetAppFSE-Eclipse\target\classes started by User in C:\Users\User\Documents\TweetAppFSE-Eclipse)
2022-03-04 12:21:36.981  INFO 4068 --- [main] com.tweetApp.TweetApplication            : No active profile set, falling back to default profiles: default
2022-03-04 12:21:40.455  INFO 4068 --- [main] o.apache.catalina.core.StandardService   : Starting service [Tomcat]
2022-03-04 12:21:40.457  INFO 4068 --- [main] org.apache.catalina.core.StandardEngine  : Starting Servlet engine: [Apache Tomcat/9.0.46]
2022-03-04 12:21:40.647  INFO 4068 --- [main] o.a.c.c.C.[Tomcat].[localhost].[/]       : Initializing Spring embedded WebApplicationContext
2022-03-04 12:21:41.141  INFO 4068 --- [main] org.mongodb.driver.cluster               : Cluster created with settings {hosts=[democluster-shard-00-00.mdzr6.mongodb.net:27017, democluster-shard-00-01.mdzr6.mongodb.net:27017, democluster-shard-00-02.mdzr6.mongodb.net:27017], mode=MULTIPLE, requiredClusterType=REPLICA_SET, serverSelectionTimeout='30000 ms', requiredReplicaSetName='atlas-y8z0k7-shard-0'}
2022-03-04 12:21:41.143  INFO 4068 --- [main] org.mongodb.driver.cluster               : Adding discovered server democluster-shard-00-00.mdzr6.mongodb.net:27017 to client view of cluster
2022-03-04 12:21:41.180  INFO 4068 --- [main] org.mongodb.driver.cluster               : Adding discovered server democluster-shard-00-01.mdzr6.mongodb.net:27017 to client view of cluster
2022-03-04 12:21:41.183  INFO 4068 --- [main] org.mongodb.driver.cluster               : Adding discovered server democluster-shard-00-02.mdzr6.mongodb.net:27017 to client view of cluster
2022-03-04 12:21:43.478  INFO 4068 --- [cluster-rtt-ClusterId{value='6221b6fddc47270539ec04c5', description='null'}-democluster-shard-00-02.mdzr6.mongodb.net:27017] org.mongodb.driver.connection            : Opened connection [connectionId{localValue:2, serverValue:40911}] to democluster-shard-00-02.mdzr6.mongodb.net:27017
2022-03-04 12:21:43.485  INFO 4068 --- [cluster-ClusterId{value='6221b6fddc47270539ec04c5', description='null'}-democluster-shard-00-02.mdzr6.mongodb.net:27017] org.mongodb.driver.connection            : Opened connection [connectionId{localValue:6, serverValue:40911}] to democluster-shard-00-02.mdzr6.mongodb.net:27017
2022-03-04 12:21:43.568  INFO 4068 --- [cluster-rtt-ClusterId{value='6221b6fddc47270539ec04c5', description='null'}-democluster-shard-00-01.mdzr6.mongodb.net:27017] org.mongodb.driver.connection            : Opened connection [connectionId{localValue:5, serverValue:40017}] to democluster-shard-00-01.mdzr6.mongodb.net:27017
2022-03-04 12:21:43.493  INFO 4068 --- [cluster-rtt-ClusterId{value='6221b6fddc47270539ec04c5', description='null'}-democluster-shard-00-00.mdzr6.mongodb.net:27017] org.mongodb.driver.connection            : Opened connection [connectionId{localValue:3, serverValue:41330}] to democluster-shard-00-00.mdzr6.mongodb.net:27017
2022-03-04 12:21:43.582  INFO 4068 --- [cluster-ClusterId{value='6221b6fddc47270539ec04c5', description='null'}-democluster-shard-00-02.mdzr6.mongodb.net:27017] org.mongodb.driver.cluster               : Monitor thread successfully connected to server with description ServerDescription{address=democluster-shard-00-02.mdzr6.mongodb.net:27017, type=REPLICA_SET_PRIMARY, state=CONNECTED, ok=true, minWireVersion=0, maxWireVersion=13, maxDocumentSize=16777216, logicalSessionTimeoutMinutes=30, roundTripTimeNanos=936363300, setName='atlas-y8z0k7-shard-0', canonicalAddress=democluster-shard-00-02.mdzr6.mongodb.net:27017, hosts=[democluster-shard-00-00.mdzr6.mongodb.net:27017, democluster-shard-00-01.mdzr6.mongodb.net:27017, democluster-shard-00-02.mdzr6.mongodb.net:27017], passives=[], arbiters=[], primary='democluster-shard-00-02.mdzr6.mongodb.net:27017', tagSet=TagSet{[Tag{name='nodeType', value='ELECTABLE'}, Tag{name='provider', value='AWS'}, Tag{name='region', value='AP_SOUTH_1'}, Tag{name='workloadType', value='OPERATIONAL'}]}, electionId=7fffffff00000000000000b3, setVersion=7, topologyVersion=TopologyVersion{processId=62216955e9f6d0228c10a8b7, counter=6}, lastWriteDate=Fri Mar 04 12:21:44 IST 2022, lastUpdateTimeNanos=15146507947900}
2022-03-04 12:21:43.545  INFO 4068 --- [cluster-ClusterId{value='6221b6fddc47270539ec04c5', description='null'}-democluster-shard-00-01.mdzr6.mongodb.net:27017] org.mongodb.driver.connection            : Opened connection [connectionId{localValue:4, serverValue:40017}] to democluster-shard-00-01.mdzr6.mongodb.net:27017
2022-03-04 12:21:43.544  INFO 4068 --- [cluster-ClusterId{value='6221b6fddc47270539ec04c5', description='null'}-democluster-shard-00-00.mdzr6.mongodb.net:27017] org.mongodb.driver.connection            : Opened connection [connectionId{localValue:1, serverValue:41330}] to democluster-shard-00-00.mdzr6.mongodb.net:27017
2022-03-04 12:21:43.610  INFO 4068 --- [cluster-ClusterId{value='6221b6fddc47270539ec04c5', description='null'}-democluster-shard-00-01.mdzr6.mongodb.net:27017] org.mongodb.driver.cluster               : Monitor thread successfully connected to server with description ServerDescription{address=democluster-shard-00-01.mdzr6.mongodb.net:27017, type=REPLICA_SET_SECONDARY, state=CONNECTED, ok=true, minWireVersion=0, maxWireVersion=13, maxDocumentSize=16777216, logicalSessionTimeoutMinutes=30, roundTripTimeNanos=990149200, setName='atlas-y8z0k7-shard-0', canonicalAddress=democluster-shard-00-01.mdzr6.mongodb.net:27017, hosts=[democluster-shard-00-00.mdzr6.mongodb.net:27017, democluster-shard-00-01.mdzr6.mongodb.net:27017, democluster-shard-00-02.mdzr6.mongodb.net:27017], passives=[], arbiters=[], primary='democluster-shard-00-02.mdzr6.mongodb.net:27017', tagSet=TagSet{[Tag{name='nodeType', value='ELECTABLE'}, Tag{name='provider', value='AWS'}, Tag{name='region', value='AP_SOUTH_1'}, Tag{name='workloadType', value='OPERATIONAL'}]}, electionId=null, setVersion=7, topologyVersion=TopologyVersion{processId=62216a608fb981104acaf282, counter=3}, lastWriteDate=Fri Mar 04 12:21:44 IST 2022, lastUpdateTimeNanos=15146568143500}
2022-03-04 12:21:43.649  INFO 4068 --- [cluster-ClusterId{value='6221b6fddc47270539ec04c5', description='null'}-democluster-shard-00-02.mdzr6.mongodb.net:27017] org.mongodb.driver.cluster               : Setting max election id to 7fffffff00000000000000b3 from replica set primary democluster-shard-00-02.mdzr6.mongodb.net:27017
2022-03-04 12:21:43.650  INFO 4068 --- [cluster-ClusterId{value='6221b6fddc47270539ec04c5', description='null'}-democluster-shard-00-02.mdzr6.mongodb.net:27017] org.mongodb.driver.cluster               : Setting max set version to 7 from replica set primary democluster-shard-00-02.mdzr6.mongodb.net:27017
2022-03-04 12:21:43.651  INFO 4068 --- [cluster-ClusterId{value='6221b6fddc47270539ec04c5', description='null'}-democluster-shard-00-02.mdzr6.mongodb.net:27017] org.mongodb.driver.cluster               : Discovered replica set primary democluster-shard-00-02.mdzr6.mongodb.net:27017
2022-03-04 12:21:43.658  INFO 4068 --- [cluster-ClusterId{value='6221b6fddc47270539ec04c5', description='null'}-democluster-shard-00-00.mdzr6.mongodb.net:27017] org.mongodb.driver.cluster               : Monitor thread successfully connected to server with description ServerDescription{address=democluster-shard-00-00.mdzr6.mongodb.net:27017, type=REPLICA_SET_SECONDARY, state=CONNECTED, ok=true, minWireVersion=0, maxWireVersion=13, maxDocumentSize=16777216, logicalSessionTimeoutMinutes=30, roundTripTimeNanos=988971000, setName='atlas-y8z0k7-shard-0', canonicalAddress=democluster-shard-00-00.mdzr6.mongodb.net:27017, hosts=[democluster-shard-00-00.mdzr6.mongodb.net:27017, democluster-shard-00-01.mdzr6.mongodb.net:27017, democluster-shard-00-02.mdzr6.mongodb.net:27017], passives=[], arbiters=[], primary='democluster-shard-00-02.mdzr6.mongodb.net:27017', tagSet=TagSet{[Tag{name='nodeType', value='ELECTABLE'}, Tag{name='provider', value='AWS'}, Tag{name='region', value='AP_SOUTH_1'}, Tag{name='workloadType', value='OPERATIONAL'}]}, electionId=null, setVersion=7, topologyVersion=TopologyVersion{processId=6221680bc37d73d8ed04c01f, counter=4}, lastWriteDate=Fri Mar 04 12:21:44 IST 2022, lastUpdateTimeNanos=15146567239400}
2022-03-04 12:21:45.410  INFO 4068 --- [main] o.a.k.clients.admin.AdminClientConfig    : AdminClientConfig values: 
	bootstrap.servers = [localhost:9092]
	client.dns.lookup = use_all_dns_ips
	client.id = 
	connections.max.idle.ms = 300000
	default.api.timeout.ms = 60000
	metadata.max.age.ms = 300000
	metric.reporters = []
	metrics.num.samples = 2
	metrics.recording.level = INFO
	metrics.sample.window.ms = 30000
	receive.buffer.bytes = 65536
	reconnect.backoff.max.ms = 1000
	reconnect.backoff.ms = 50
	request.timeout.ms = 30000
	retries = 2147483647
	retry.backoff.ms = 100
	sasl.client.callback.handler.class = null
	sasl.jaas.config = null
	sasl.kerberos.kinit.cmd = /usr/bin/kinit
	sasl.kerberos.min.time.before.relogin = 60000
	sasl.kerberos.service.name = null
	sasl.kerberos.ticket.renew.jitter = 0.05
	sasl.kerberos.ticket.renew.window.factor = 0.8
	sasl.login.callback.handler.class = null
	sasl.login.class = null
	sasl.login.refresh.buffer.seconds = 300
	sasl.login.refresh.min.period.seconds = 60
	sasl.login.refresh.window.factor = 0.8
	sasl.login.refresh.window.jitter = 0.05
	sasl.mechanism = GSSAPI
	security.protocol = PLAINTEXT
	security.providers = null
	send.buffer.bytes = 131072
	socket.connection.setup.timeout.max.ms = 127000
	socket.connection.setup.timeout.ms = 10000
	ssl.cipher.suites = null
	ssl.enabled.protocols = [TLSv1.2, TLSv1.3]
	ssl.endpoint.identification.algorithm = https
	ssl.engine.factory.class = null
	ssl.key.password = null
	ssl.keymanager.algorithm = SunX509
	ssl.keystore.certificate.chain = null
	ssl.keystore.key = null
	ssl.keystore.location = null
	ssl.keystore.password = null
	ssl.keystore.type = JKS
	ssl.protocol = TLSv1.3
	ssl.provider = null
	ssl.secure.random.implementation = null
	ssl.trustmanager.algorithm = PKIX
	ssl.truststore.certificates = null
	ssl.truststore.location = null
	ssl.truststore.password = null
	ssl.truststore.type = JKS

2022-03-04 12:21:45.701  INFO 4068 --- [main] o.a.kafka.common.utils.AppInfoParser     : Kafka version: 2.7.1
2022-03-04 12:21:45.705  INFO 4068 --- [main] o.a.kafka.common.utils.AppInfoParser     : Kafka commitId: 61dbce85d0d41457
2022-03-04 12:21:45.706  INFO 4068 --- [main] o.a.kafka.common.utils.AppInfoParser     : Kafka startTimeMs: 1646376705698
2022-03-04 12:21:46.198  INFO 4068 --- [kafka-admin-client-thread | adminclient-1] o.a.kafka.common.utils.AppInfoParser     : App info kafka.admin.client for adminclient-1 unregistered
2022-03-04 12:21:46.205  INFO 4068 --- [kafka-admin-client-thread | adminclient-1] org.apache.kafka.common.metrics.Metrics  : Metrics scheduler closed
2022-03-04 12:21:46.206  INFO 4068 --- [kafka-admin-client-thread | adminclient-1] org.apache.kafka.common.metrics.Metrics  : Closing reporter org.apache.kafka.common.metrics.JmxReporter
2022-03-04 12:21:46.206  INFO 4068 --- [kafka-admin-client-thread | adminclient-1] org.apache.kafka.common.metrics.Metrics  : Metrics reporters closed
2022-03-04 12:21:46.247  INFO 4068 --- [main] o.a.k.clients.consumer.ConsumerConfig    : ConsumerConfig values: 
	allow.auto.create.topics = true
	auto.commit.interval.ms = 5000
	auto.offset.reset = earliest
	bootstrap.servers = [localhost:9092]
	check.crcs = true
	client.dns.lookup = use_all_dns_ips
	client.id = consumer-group_id-1
	client.rack = 
	connections.max.idle.ms = 540000
	default.api.timeout.ms = 60000
	enable.auto.commit = false
	exclude.internal.topics = true
	fetch.max.bytes = 52428800
	fetch.max.wait.ms = 500
	fetch.min.bytes = 1
	group.id = group_id
	group.instance.id = null
	heartbeat.interval.ms = 3000
	interceptor.classes = []
	internal.leave.group.on.close = true
	internal.throw.on.fetch.stable.offset.unsupported = false
	isolation.level = read_uncommitted
	key.deserializer = class org.apache.kafka.common.serialization.StringDeserializer
	max.partition.fetch.bytes = 1048576
	max.poll.interval.ms = 300000
	max.poll.records = 500
	metadata.max.age.ms = 300000
	metric.reporters = []
	metrics.num.samples = 2
	metrics.recording.level = INFO
	metrics.sample.window.ms = 30000
	partition.assignment.strategy = [class org.apache.kafka.clients.consumer.RangeAssignor]
	receive.buffer.bytes = 65536
	reconnect.backoff.max.ms = 1000
	reconnect.backoff.ms = 50
	request.timeout.ms = 30000
	retry.backoff.ms = 100
	sasl.client.callback.handler.class = null
	sasl.jaas.config = null
	sasl.kerberos.kinit.cmd = /usr/bin/kinit
	sasl.kerberos.min.time.before.relogin = 60000
	sasl.kerberos.service.name = null
	sasl.kerberos.ticket.renew.jitter = 0.05
	sasl.kerberos.ticket.renew.window.factor = 0.8
	sasl.login.callback.handler.class = null
	sasl.login.class = null
	sasl.login.refresh.buffer.seconds = 300
	sasl.login.refresh.min.period.seconds = 60
	sasl.login.refresh.window.factor = 0.8
	sasl.login.refresh.window.jitter = 0.05
	sasl.mechanism = GSSAPI
	security.protocol = PLAINTEXT
	security.providers = null
	send.buffer.bytes = 131072
	session.timeout.ms = 10000
	socket.connection.setup.timeout.max.ms = 127000
	socket.connection.setup.timeout.ms = 10000
	ssl.cipher.suites = null
	ssl.enabled.protocols = [TLSv1.2, TLSv1.3]
	ssl.endpoint.identification.algorithm = https
	ssl.engine.factory.class = null
	ssl.key.password = null
	ssl.keymanager.algorithm = SunX509
	ssl.keystore.certificate.chain = null
	ssl.keystore.key = null
	ssl.keystore.location = null
	ssl.keystore.password = null
	ssl.keystore.type = JKS
	ssl.protocol = TLSv1.3
	ssl.provider = null
	ssl.secure.random.implementation = null
	ssl.trustmanager.algorithm = PKIX
	ssl.truststore.certificates = null
	ssl.truststore.location = null
	ssl.truststore.password = null
	ssl.truststore.type = JKS
	value.deserializer = class org.apache.kafka.common.serialization.StringDeserializer

2022-03-04 12:21:46.345  INFO 4068 --- [main] o.a.kafka.common.utils.AppInfoParser     : Kafka version: 2.7.1
2022-03-04 12:21:46.346  INFO 4068 --- [main] o.a.kafka.common.utils.AppInfoParser     : Kafka commitId: 61dbce85d0d41457
2022-03-04 12:21:46.348  INFO 4068 --- [main] o.a.kafka.common.utils.AppInfoParser     : Kafka startTimeMs: 1646376706345
2022-03-04 12:21:46.408  INFO 4068 --- [main] o.a.k.clients.consumer.KafkaConsumer     : [Consumer clientId=consumer-group_id-1, groupId=group_id] Subscribed to topic(s): Tweets
2022-03-04 12:21:46.606  INFO 4068 --- [main] o.apache.catalina.core.StandardService   : Starting service [Tomcat]
2022-03-04 12:21:46.609  INFO 4068 --- [main] org.apache.catalina.core.StandardEngine  : Starting Servlet engine: [Apache Tomcat/9.0.46]
2022-03-04 12:21:46.653  INFO 4068 --- [main] o.a.c.c.C.[Tomcat-1].[localhost].[/]     : Initializing Spring embedded WebApplicationContext
2022-03-04 12:21:46.892  INFO 4068 --- [org.springframework.kafka.KafkaListenerEndpointContainer#0-0-C-1] org.apache.kafka.clients.Metadata        : [Consumer clientId=consumer-group_id-1, groupId=group_id] Cluster ID: hxKgpf2cSGiMDdSN5zkNDg
2022-03-04 12:21:47.347  INFO 4068 --- [main] com.tweetApp.TweetApplication            : Started TweetApplication in 11.211 seconds (JVM running for 12.107)
2022-03-04 12:22:12.182  INFO 4068 --- [http-nio-8080-exec-10] o.a.c.c.C.[Tomcat].[localhost].[/]       : Initializing Spring DispatcherServlet 'dispatcherServlet'
2022-03-04 12:22:12.715  INFO 4068 --- [http-nio-8080-exec-10] org.mongodb.driver.connection            : Opened connection [connectionId{localValue:7, serverValue:41008}] to democluster-shard-00-02.mdzr6.mongodb.net:27017
2022-03-04 12:22:47.468  WARN 4068 --- [http-nio-8080-exec-5] wtTokenAuthorizationOncePerRequestFilter : JWT_TOKEN_DOES_NOT_START_WITH_BEARER_STRING
2022-03-04 12:23:05.179  WARN 4068 --- [http-nio-8080-exec-7] wtTokenAuthorizationOncePerRequestFilter : JWT_TOKEN_DOES_NOT_START_WITH_BEARER_STRING
2022-03-04 12:23:17.844  WARN 4068 --- [http-nio-8080-exec-4] wtTokenAuthorizationOncePerRequestFilter : JWT_TOKEN_DOES_NOT_START_WITH_BEARER_STRING
2022-03-04 12:23:42.610  WARN 4068 --- [http-nio-8080-exec-3] wtTokenAuthorizationOncePerRequestFilter : JWT_TOKEN_DOES_NOT_START_WITH_BEARER_STRING
2022-03-04 12:23:54.030  WARN 4068 --- [http-nio-8080-exec-9] wtTokenAuthorizationOncePerRequestFilter : JWT_TOKEN_DOES_NOT_START_WITH_BEARER_STRING
